<?xml version="1.0" encoding="UTF-8"?>
<testsuite name="com.jee.BilibiliDownloaderTest" tests="1" skipped="1" failures="0" errors="0" timestamp="2022-12-04T14:05:19" hostname="LAPTOP-UBGIDN50" time="50.78">
  <properties/>
  <testcase name="bilibiliTest()" classname="com.jee.BilibiliDownloaderTest" time="50.78">
    <skipped/>
  </testcase>
  <system-out><![CDATA[22:05:18.161 [Test worker] DEBUG org.springframework.test.context.BootstrapUtils - Instantiating CacheAwareContextLoaderDelegate from class [org.springframework.test.context.cache.DefaultCacheAwareContextLoaderDelegate]
22:05:18.177 [Test worker] DEBUG org.springframework.test.context.BootstrapUtils - Instantiating BootstrapContext using constructor [public org.springframework.test.context.support.DefaultBootstrapContext(java.lang.Class,org.springframework.test.context.CacheAwareContextLoaderDelegate)]
22:05:18.199 [Test worker] DEBUG org.springframework.test.context.BootstrapUtils - Instantiating TestContextBootstrapper for test class [com.jee.BilibiliDownloaderTest] from class [org.springframework.boot.test.context.SpringBootTestContextBootstrapper]
22:05:18.215 [Test worker] INFO org.springframework.boot.test.context.SpringBootTestContextBootstrapper - Neither @ContextConfiguration nor @ContextHierarchy found for test class [com.jee.BilibiliDownloaderTest], using SpringBootContextLoader
22:05:18.230 [Test worker] DEBUG org.springframework.test.context.support.AbstractContextLoader - Did not detect default resource location for test class [com.jee.BilibiliDownloaderTest]: class path resource [com/jee/BilibiliDownloaderTest-context.xml] does not exist
22:05:18.230 [Test worker] DEBUG org.springframework.test.context.support.AbstractContextLoader - Did not detect default resource location for test class [com.jee.BilibiliDownloaderTest]: class path resource [com/jee/BilibiliDownloaderTestContext.groovy] does not exist
22:05:18.230 [Test worker] INFO org.springframework.test.context.support.AbstractContextLoader - Could not detect default resource locations for test class [com.jee.BilibiliDownloaderTest]: no resource found for suffixes {-context.xml, Context.groovy}.
22:05:18.230 [Test worker] INFO org.springframework.test.context.support.AnnotationConfigContextLoaderUtils - Could not detect default configuration classes for test class [com.jee.BilibiliDownloaderTest]: BilibiliDownloaderTest does not declare any static, non-private, non-final, nested classes annotated with @Configuration.
22:05:18.261 [Test worker] DEBUG org.springframework.test.context.support.ActiveProfilesUtils - Could not find an 'annotation declaring class' for annotation type [org.springframework.test.context.ActiveProfiles] and class [com.jee.BilibiliDownloaderTest]
22:05:18.315 [Test worker] DEBUG org.springframework.context.annotation.ClassPathScanningCandidateComponentProvider - Identified candidate component class: file [D:\git\WebVideoDownloader\build\classes\java\main\com\jee\Application.class]
22:05:18.315 [Test worker] INFO org.springframework.boot.test.context.SpringBootTestContextBootstrapper - Found @SpringBootConfiguration com.jee.Application for test class com.jee.BilibiliDownloaderTest
22:05:18.399 [Test worker] DEBUG org.springframework.boot.test.context.SpringBootTestContextBootstrapper - @TestExecutionListeners is not present for class [com.jee.BilibiliDownloaderTest]: using defaults.
22:05:18.399 [Test worker] INFO org.springframework.boot.test.context.SpringBootTestContextBootstrapper - Loaded default TestExecutionListener class names from location [META-INF/spring.factories]: [org.springframework.boot.test.autoconfigure.restdocs.RestDocsTestExecutionListener, org.springframework.boot.test.autoconfigure.web.client.MockRestServiceServerResetTestExecutionListener, org.springframework.boot.test.autoconfigure.web.servlet.MockMvcPrintOnlyOnFailureTestExecutionListener, org.springframework.boot.test.autoconfigure.web.servlet.WebDriverTestExecutionListener, org.springframework.boot.test.autoconfigure.webservices.client.MockWebServiceServerTestExecutionListener, org.springframework.boot.test.mock.mockito.MockitoTestExecutionListener, org.springframework.boot.test.mock.mockito.ResetMocksTestExecutionListener, org.springframework.test.context.web.ServletTestExecutionListener, org.springframework.test.context.support.DirtiesContextBeforeModesTestExecutionListener, org.springframework.test.context.event.ApplicationEventsTestExecutionListener, org.springframework.test.context.support.DependencyInjectionTestExecutionListener, org.springframework.test.context.support.DirtiesContextTestExecutionListener, org.springframework.test.context.transaction.TransactionalTestExecutionListener, org.springframework.test.context.jdbc.SqlScriptsTestExecutionListener, org.springframework.test.context.event.EventPublishingTestExecutionListener]
22:05:18.415 [Test worker] DEBUG org.springframework.boot.test.context.SpringBootTestContextBootstrapper - Skipping candidate TestExecutionListener [org.springframework.test.context.web.ServletTestExecutionListener] due to a missing dependency. Specify custom listener classes or make the default listener classes and their required dependencies available. Offending class: [javax/servlet/ServletContext]
22:05:18.415 [Test worker] DEBUG org.springframework.boot.test.context.SpringBootTestContextBootstrapper - Skipping candidate TestExecutionListener [org.springframework.test.context.transaction.TransactionalTestExecutionListener] due to a missing dependency. Specify custom listener classes or make the default listener classes and their required dependencies available. Offending class: [org/springframework/transaction/interceptor/TransactionAttributeSource]
22:05:18.415 [Test worker] DEBUG org.springframework.boot.test.context.SpringBootTestContextBootstrapper - Skipping candidate TestExecutionListener [org.springframework.test.context.jdbc.SqlScriptsTestExecutionListener] due to a missing dependency. Specify custom listener classes or make the default listener classes and their required dependencies available. Offending class: [org/springframework/transaction/interceptor/TransactionAttribute]
22:05:18.415 [Test worker] INFO org.springframework.boot.test.context.SpringBootTestContextBootstrapper - Using TestExecutionListeners: [org.springframework.test.context.support.DirtiesContextBeforeModesTestExecutionListener@436390f4, org.springframework.test.context.event.ApplicationEventsTestExecutionListener@4d157787, org.springframework.boot.test.mock.mockito.MockitoTestExecutionListener@68ed96ca, org.springframework.boot.test.autoconfigure.SpringBootDependencyInjectionTestExecutionListener@6d1310f6, org.springframework.test.context.support.DirtiesContextTestExecutionListener@3228d990, org.springframework.test.context.event.EventPublishingTestExecutionListener@54e7391d, org.springframework.boot.test.autoconfigure.restdocs.RestDocsTestExecutionListener@50b8ae8d, org.springframework.boot.test.autoconfigure.web.client.MockRestServiceServerResetTestExecutionListener@255990cc, org.springframework.boot.test.autoconfigure.web.servlet.MockMvcPrintOnlyOnFailureTestExecutionListener@51c929ae, org.springframework.boot.test.autoconfigure.web.servlet.WebDriverTestExecutionListener@3c8bdd5b, org.springframework.boot.test.autoconfigure.webservices.client.MockWebServiceServerTestExecutionListener@29d2d081, org.springframework.boot.test.mock.mockito.ResetMocksTestExecutionListener@40e4ea87]
22:05:18.415 [Test worker] DEBUG org.springframework.test.context.support.AbstractDirtiesContextTestExecutionListener - Before test class: context [DefaultTestContext@3abd581e testClass = BilibiliDownloaderTest, testInstance = [null], testMethod = [null], testException = [null], mergedContextConfiguration = [MergedContextConfiguration@4d4d8fcf testClass = BilibiliDownloaderTest, locations = '{}', classes = '{class com.jee.Application}', contextInitializerClasses = '[]', activeProfiles = '{}', propertySourceLocations = '{}', propertySourceProperties = '{org.springframework.boot.test.context.SpringBootTestContextBootstrapper=true}', contextCustomizers = set[org.springframework.boot.test.autoconfigure.actuate.metrics.MetricsExportContextCustomizerFactory$DisableMetricExportContextCustomizer@ed3068a, org.springframework.boot.test.autoconfigure.properties.PropertyMappingContextCustomizer@0, org.springframework.boot.test.autoconfigure.web.servlet.WebDriverContextCustomizerFactory$Customizer@f73dcd6, org.springframework.boot.test.context.filter.ExcludeFilterContextCustomizer@30d4b288, org.springframework.boot.test.json.DuplicateJsonObjectContextCustomizerFactory$DuplicateJsonObjectContextCustomizer@14c01636, org.springframework.boot.test.mock.mockito.MockitoContextCustomizer@0, org.springframework.boot.test.web.client.TestRestTemplateContextCustomizer@618c5d94, org.springframework.boot.test.context.SpringBootTestArgs@1, org.springframework.boot.test.context.SpringBootTestWebEnvironment@4d15107f], contextLoader = 'org.springframework.boot.test.context.SpringBootContextLoader', parent = [null]], attributes = map[[empty]]], class annotated with @DirtiesContext [false] with mode [null].
22:05:18.430 [Test worker] DEBUG org.springframework.test.context.support.DependencyInjectionTestExecutionListener - Performing dependency injection for test context [[DefaultTestContext@3abd581e testClass = BilibiliDownloaderTest, testInstance = com.jee.BilibiliDownloaderTest@1968a49c, testMethod = [null], testException = [null], mergedContextConfiguration = [MergedContextConfiguration@4d4d8fcf testClass = BilibiliDownloaderTest, locations = '{}', classes = '{class com.jee.Application}', contextInitializerClasses = '[]', activeProfiles = '{}', propertySourceLocations = '{}', propertySourceProperties = '{org.springframework.boot.test.context.SpringBootTestContextBootstrapper=true}', contextCustomizers = set[org.springframework.boot.test.autoconfigure.actuate.metrics.MetricsExportContextCustomizerFactory$DisableMetricExportContextCustomizer@ed3068a, org.springframework.boot.test.autoconfigure.properties.PropertyMappingContextCustomizer@0, org.springframework.boot.test.autoconfigure.web.servlet.WebDriverContextCustomizerFactory$Customizer@f73dcd6, org.springframework.boot.test.context.filter.ExcludeFilterContextCustomizer@30d4b288, org.springframework.boot.test.json.DuplicateJsonObjectContextCustomizerFactory$DuplicateJsonObjectContextCustomizer@14c01636, org.springframework.boot.test.mock.mockito.MockitoContextCustomizer@0, org.springframework.boot.test.web.client.TestRestTemplateContextCustomizer@618c5d94, org.springframework.boot.test.context.SpringBootTestArgs@1, org.springframework.boot.test.context.SpringBootTestWebEnvironment@4d15107f], contextLoader = 'org.springframework.boot.test.context.SpringBootContextLoader', parent = [null]], attributes = map['org.springframework.test.context.event.ApplicationEventsTestExecutionListener.recordApplicationEvents' -> false]]].

  .   ____          _            __ _ _
 /\\ / ___'_ __ _ _(_)_ __  __ _ \ \ \ \
( ( )\___ | '_ | '_| | '_ \/ _` | \ \ \ \
 \\/  ___)| |_)| | | | | || (_| |  ) ) ) )
  '  |____| .__|_| |_|_| |_\__, | / / / /
 =========|_|==============|___/=/_/_/_/
 :: Spring Boot ::                (v2.7.6)

2022-12-04 22:05:18.753  INFO 20400 --- [    Test worker] com.jee.BilibiliDownloaderTest           : Starting BilibiliDownloaderTest using Java 1.8.0_311 on LAPTOP-UBGIDN50 with PID 20400 (started by animal in D:\git\WebVideoDownloader)
2022-12-04 22:05:18.753  INFO 20400 --- [    Test worker] com.jee.BilibiliDownloaderTest           : No active profile set, falling back to 1 default profile: "default"
2022-12-04 22:05:19.407  INFO 20400 --- [    Test worker] com.jee.BilibiliDownloaderTest           : Started BilibiliDownloaderTest in 0.944 seconds (JVM running for 2.473)
2022-12-04 22:05:19.601  INFO 20400 --- [    Test worker] com.jee.service.BilibiliDownloader       : bilibili video url：https://www.bilibili.com/video/BV1Ev4y1d7By/?spm_id_from=333.851.b_7265706f7274466972737432.6&vd_source=3c1de7750ea47eddcc8ad95c1f2a8ca9
2022-12-04 22:05:21.701  INFO 20400 --- [    Test worker] com.jee.service.BilibiliDownloader       : bilibiliVideoInfo：BilibiliVideoInfo(infoJsonNode=null, playerJsonNode=null, originUrl=https://www.bilibili.com/video/BV1Ev4y1d7By/?spm_id_from=333.851.b_7265706f7274466972737432.6&vd_source=3c1de7750ea47eddcc8ad95c1f2a8ca9, bvid=BV1Ev4y1d7By, avid=563140062, cid=908627445, title=自拍这么拍，才有吸引力?我发现了拍出吸引力的秘密！, videoUrl=https://cn-hbsjz-cm-02-14.bilivideo.com/upgcxcode/45/74/908627445/908627445-1-30116.m4s?e=ig8euxZM2rNcNbdlhoNvNC8BqJIzNbfqXBvEqxTEto8BTrNvN0GvT90W5JZMkX_YN0MvXg8gNEV4NC8xNEV4N03eN0B5tZlqNxTEto8BTrNvNeZVuJ10Kj_g2UB02J0mN0B5tZlqNCNEto8BTrNvNC7MTX502C8f2jmMQJ6mqF2fka1mqx6gqj0eN0B599M=&uipk=5&nbs=1&deadline=1670169921&gen=playurlv2&os=bcache&oi=3719462605&trid=0000bdf2082684984259842149611ffd73a5u&mid=60086572&platform=pc&upsig=4d539fd01cb1b08e90cb1d9e926758bb&uparams=e,uipk,nbs,deadline,gen,os,oi,trid,mid,platform&cdnid=40015&bvc=vod&nettype=0&orderid=0,3&buvid=&build=0&agrr=1&bw=360467&logo=80000000, audioUrl=https://cn-hbsjz-cm-02-14.bilivideo.com/upgcxcode/45/74/908627445/908627445-1-30116.m4s?e=ig8euxZM2rNcNbdlhoNvNC8BqJIzNbfqXBvEqxTEto8BTrNvN0GvT90W5JZMkX_YN0MvXg8gNEV4NC8xNEV4N03eN0B5tZlqNxTEto8BTrNvNeZVuJ10Kj_g2UB02J0mN0B5tZlqNCNEto8BTrNvNC7MTX502C8f2jmMQJ6mqF2fka1mqx6gqj0eN0B599M=&uipk=5&nbs=1&deadline=1670169921&gen=playurlv2&os=bcache&oi=3719462605&trid=0000bdf2082684984259842149611ffd73a5u&mid=60086572&platform=pc&upsig=4d539fd01cb1b08e90cb1d9e926758bb&uparams=e,uipk,nbs,deadline,gen,os,oi,trid,mid,platform&cdnid=40015&bvc=vod&nettype=0&orderid=0,3&buvid=&build=0&agrr=1&bw=360467&logo=80000000)
]]></system-out>
  <system-err><![CDATA[]]></system-err>
</testsuite>
